<?xml version="1.0" encoding="UTF-8"?>
<testsuite xmlns:xsi="http://www.w3.org/2001/XMLSchema-instance" xsi:noNamespaceSchemaLocation="https://maven.apache.org/surefire/maven-surefire-plugin/xsd/surefire-test-report.xsd" name="cn.jiiiiiin.security.AppTest" time="0.027" tests="1" errors="0" skipped="0" failures="0">
  <properties>
    <property name="gopherProxySet" value="false"/>
    <property name="awt.toolkit" value="sun.lwawt.macosx.LWCToolkit"/>
    <property name="http.proxyHost" value="127.0.0.1"/>
    <property name="file.encoding.pkg" value="sun.io"/>
    <property name="java.specification.version" value="1.8"/>
    <property name="sun.cpu.isalist" value=""/>
    <property name="sun.jnu.encoding" value="UTF-8"/>
    <property name="java.class.path" value="/Users/jiiiiiin/Documents/IdeaProjects/jiiiiiin-security/jiiiiiin-security-core/target/test-classes:/Users/jiiiiiin/Documents/IdeaProjects/jiiiiiin-security/jiiiiiin-security-core/target/classes:/Users/jiiiiiin/.m2/repository/junit/junit/4.11/junit-4.11.jar:/Users/jiiiiiin/.m2/repository/org/hamcrest/hamcrest-core/1.3/hamcrest-core-1.3.jar:/Users/jiiiiiin/.m2/repository/org/springframework/cloud/spring-cloud-starter-oauth2/1.2.1.RELEASE/spring-cloud-starter-oauth2-1.2.1.RELEASE.jar:/Users/jiiiiiin/.m2/repository/org/springframework/cloud/spring-cloud-starter-security/1.2.1.RELEASE/spring-cloud-starter-security-1.2.1.RELEASE.jar:/Users/jiiiiiin/.m2/repository/org/springframework/cloud/spring-cloud-starter/1.2.5.RELEASE/spring-cloud-starter-1.2.5.RELEASE.jar:/Users/jiiiiiin/.m2/repository/org/springframework/cloud/spring-cloud-context/1.2.5.RELEASE/spring-cloud-context-1.2.5.RELEASE.jar:/Users/jiiiiiin/.m2/repository/org/springframework/security/spring-security-crypto/4.2.7.RELEASE/spring-security-crypto-4.2.7.RELEASE.jar:/Users/jiiiiiin/.m2/repository/org/springframework/cloud/spring-cloud-commons/1.2.5.RELEASE/spring-cloud-commons-1.2.5.RELEASE.jar:/Users/jiiiiiin/.m2/repository/org/springframework/security/spring-security-rsa/1.0.3.RELEASE/spring-security-rsa-1.0.3.RELEASE.jar:/Users/jiiiiiin/.m2/repository/org/springframework/boot/spring-boot-starter-actuator/1.5.15.RELEASE/spring-boot-starter-actuator-1.5.15.RELEASE.jar:/Users/jiiiiiin/.m2/repository/org/springframework/boot/spring-boot-actuator/1.5.15.RELEASE/spring-boot-actuator-1.5.15.RELEASE.jar:/Users/jiiiiiin/.m2/repository/com/fasterxml/jackson/core/jackson-databind/2.8.11.2/jackson-databind-2.8.11.2.jar:/Users/jiiiiiin/.m2/repository/com/fasterxml/jackson/core/jackson-annotations/2.8.0/jackson-annotations-2.8.0.jar:/Users/jiiiiiin/.m2/repository/com/fasterxml/jackson/core/jackson-core/2.8.11/jackson-core-2.8.11.jar:/Users/jiiiiiin/.m2/repository/org/springframework/cloud/spring-cloud-security/1.2.1.RELEASE/spring-cloud-security-1.2.1.RELEASE.jar:/Users/jiiiiiin/.m2/repository/org/springframework/boot/spring-boot-starter-security/1.5.15.RELEASE/spring-boot-starter-security-1.5.15.RELEASE.jar:/Users/jiiiiiin/.m2/repository/org/springframework/boot/spring-boot-starter-web/1.5.15.RELEASE/spring-boot-starter-web-1.5.15.RELEASE.jar:/Users/jiiiiiin/.m2/repository/org/springframework/boot/spring-boot-starter-tomcat/1.5.15.RELEASE/spring-boot-starter-tomcat-1.5.15.RELEASE.jar:/Users/jiiiiiin/.m2/repository/org/apache/tomcat/embed/tomcat-embed-core/8.5.32/tomcat-embed-core-8.5.32.jar:/Users/jiiiiiin/.m2/repository/org/apache/tomcat/tomcat-annotations-api/8.5.32/tomcat-annotations-api-8.5.32.jar:/Users/jiiiiiin/.m2/repository/org/apache/tomcat/embed/tomcat-embed-el/8.5.32/tomcat-embed-el-8.5.32.jar:/Users/jiiiiiin/.m2/repository/org/apache/tomcat/embed/tomcat-embed-websocket/8.5.32/tomcat-embed-websocket-8.5.32.jar:/Users/jiiiiiin/.m2/repository/org/hibernate/hibernate-validator/5.3.6.Final/hibernate-validator-5.3.6.Final.jar:/Users/jiiiiiin/.m2/repository/javax/validation/validation-api/1.1.0.Final/validation-api-1.1.0.Final.jar:/Users/jiiiiiin/.m2/repository/org/jboss/logging/jboss-logging/3.3.2.Final/jboss-logging-3.3.2.Final.jar:/Users/jiiiiiin/.m2/repository/com/fasterxml/classmate/1.3.4/classmate-1.3.4.jar:/Users/jiiiiiin/.m2/repository/org/springframework/security/oauth/spring-security-oauth2/2.0.15.RELEASE/spring-security-oauth2-2.0.15.RELEASE.jar:/Users/jiiiiiin/.m2/repository/org/springframework/spring-beans/4.3.18.RELEASE/spring-beans-4.3.18.RELEASE.jar:/Users/jiiiiiin/.m2/repository/org/springframework/spring-core/4.3.18.RELEASE/spring-core-4.3.18.RELEASE.jar:/Users/jiiiiiin/.m2/repository/org/springframework/spring-context/4.3.18.RELEASE/spring-context-4.3.18.RELEASE.jar:/Users/jiiiiiin/.m2/repository/org/springframework/security/spring-security-core/4.2.7.RELEASE/spring-security-core-4.2.7.RELEASE.jar:/Users/jiiiiiin/.m2/repository/org/springframework/security/spring-security-config/4.2.7.RELEASE/spring-security-config-4.2.7.RELEASE.jar:/Users/jiiiiiin/.m2/repository/commons-codec/commons-codec/1.10/commons-codec-1.10.jar:/Users/jiiiiiin/.m2/repository/org/codehaus/jackson/jackson-mapper-asl/1.9.13/jackson-mapper-asl-1.9.13.jar:/Users/jiiiiiin/.m2/repository/org/codehaus/jackson/jackson-core-asl/1.9.13/jackson-core-asl-1.9.13.jar:/Users/jiiiiiin/.m2/repository/org/springframework/security/spring-security-jwt/1.0.9.RELEASE/spring-security-jwt-1.0.9.RELEASE.jar:/Users/jiiiiiin/.m2/repository/org/bouncycastle/bcpkix-jdk15on/1.56/bcpkix-jdk15on-1.56.jar:/Users/jiiiiiin/.m2/repository/org/bouncycastle/bcprov-jdk15on/1.56/bcprov-jdk15on-1.56.jar:/Users/jiiiiiin/.m2/repository/org/springframework/boot/spring-boot-starter-data-redis/1.5.15.RELEASE/spring-boot-starter-data-redis-1.5.15.RELEASE.jar:/Users/jiiiiiin/.m2/repository/org/springframework/boot/spring-boot-starter/1.5.15.RELEASE/spring-boot-starter-1.5.15.RELEASE.jar:/Users/jiiiiiin/.m2/repository/org/springframework/boot/spring-boot/1.5.15.RELEASE/spring-boot-1.5.15.RELEASE.jar:/Users/jiiiiiin/.m2/repository/org/springframework/boot/spring-boot-autoconfigure/1.5.15.RELEASE/spring-boot-autoconfigure-1.5.15.RELEASE.jar:/Users/jiiiiiin/.m2/repository/org/springframework/boot/spring-boot-starter-logging/1.5.15.RELEASE/spring-boot-starter-logging-1.5.15.RELEASE.jar:/Users/jiiiiiin/.m2/repository/ch/qos/logback/logback-classic/1.1.11/logback-classic-1.1.11.jar:/Users/jiiiiiin/.m2/repository/ch/qos/logback/logback-core/1.1.11/logback-core-1.1.11.jar:/Users/jiiiiiin/.m2/repository/org/slf4j/jul-to-slf4j/1.7.25/jul-to-slf4j-1.7.25.jar:/Users/jiiiiiin/.m2/repository/org/slf4j/log4j-over-slf4j/1.7.25/log4j-over-slf4j-1.7.25.jar:/Users/jiiiiiin/.m2/repository/org/yaml/snakeyaml/1.17/snakeyaml-1.17.jar:/Users/jiiiiiin/.m2/repository/org/springframework/data/spring-data-redis/1.8.14.RELEASE/spring-data-redis-1.8.14.RELEASE.jar:/Users/jiiiiiin/.m2/repository/org/springframework/data/spring-data-keyvalue/1.2.14.RELEASE/spring-data-keyvalue-1.2.14.RELEASE.jar:/Users/jiiiiiin/.m2/repository/org/springframework/data/spring-data-commons/1.13.14.RELEASE/spring-data-commons-1.13.14.RELEASE.jar:/Users/jiiiiiin/.m2/repository/org/springframework/spring-tx/4.3.18.RELEASE/spring-tx-4.3.18.RELEASE.jar:/Users/jiiiiiin/.m2/repository/org/springframework/spring-oxm/4.3.18.RELEASE/spring-oxm-4.3.18.RELEASE.jar:/Users/jiiiiiin/.m2/repository/org/springframework/spring-aop/4.3.18.RELEASE/spring-aop-4.3.18.RELEASE.jar:/Users/jiiiiiin/.m2/repository/org/springframework/spring-context-support/4.3.18.RELEASE/spring-context-support-4.3.18.RELEASE.jar:/Users/jiiiiiin/.m2/repository/org/slf4j/slf4j-api/1.7.25/slf4j-api-1.7.25.jar:/Users/jiiiiiin/.m2/repository/org/slf4j/jcl-over-slf4j/1.7.25/jcl-over-slf4j-1.7.25.jar:/Users/jiiiiiin/.m2/repository/redis/clients/jedis/2.9.0/jedis-2.9.0.jar:/Users/jiiiiiin/.m2/repository/org/apache/commons/commons-pool2/2.4.3/commons-pool2-2.4.3.jar:/Users/jiiiiiin/.m2/repository/org/springframework/boot/spring-boot-starter-jdbc/1.5.15.RELEASE/spring-boot-starter-jdbc-1.5.15.RELEASE.jar:/Users/jiiiiiin/.m2/repository/org/apache/tomcat/tomcat-jdbc/8.5.32/tomcat-jdbc-8.5.32.jar:/Users/jiiiiiin/.m2/repository/org/apache/tomcat/tomcat-juli/8.5.32/tomcat-juli-8.5.32.jar:/Users/jiiiiiin/.m2/repository/org/springframework/spring-jdbc/4.3.18.RELEASE/spring-jdbc-4.3.18.RELEASE.jar:/Users/jiiiiiin/.m2/repository/mysql/mysql-connector-java/5.1.46/mysql-connector-java-5.1.46.jar:/Users/jiiiiiin/.m2/repository/org/springframework/social/spring-social-core/1.1.6.RELEASE/spring-social-core-1.1.6.RELEASE.jar:/Users/jiiiiiin/.m2/repository/org/springframework/spring-web/4.3.18.RELEASE/spring-web-4.3.18.RELEASE.jar:/Users/jiiiiiin/.m2/repository/org/springframework/social/spring-social-config/1.1.6.RELEASE/spring-social-config-1.1.6.RELEASE.jar:/Users/jiiiiiin/.m2/repository/org/springframework/social/spring-social-security/1.1.6.RELEASE/spring-social-security-1.1.6.RELEASE.jar:/Users/jiiiiiin/.m2/repository/org/springframework/spring-webmvc/4.3.18.RELEASE/spring-webmvc-4.3.18.RELEASE.jar:/Users/jiiiiiin/.m2/repository/org/springframework/spring-expression/4.3.18.RELEASE/spring-expression-4.3.18.RELEASE.jar:/Users/jiiiiiin/.m2/repository/org/springframework/security/spring-security-web/4.2.7.RELEASE/spring-security-web-4.2.7.RELEASE.jar:/Users/jiiiiiin/.m2/repository/aopalliance/aopalliance/1.0/aopalliance-1.0.jar:/Users/jiiiiiin/.m2/repository/org/springframework/social/spring-social-web/1.1.6.RELEASE/spring-social-web-1.1.6.RELEASE.jar:/Users/jiiiiiin/.m2/repository/javax/inject/javax.inject/1/javax.inject-1.jar:/Users/jiiiiiin/.m2/repository/org/apache/commons/commons-lang3/3.5/commons-lang3-3.5.jar:/Users/jiiiiiin/.m2/repository/commons-collections/commons-collections/3.2.2/commons-collections-3.2.2.jar:/Users/jiiiiiin/.m2/repository/commons-beanutils/commons-beanutils/1.9.3/commons-beanutils-1.9.3.jar:"/>
    <property name="https.proxyPort" value="49518"/>
    <property name="java.vm.vendor" value="Oracle Corporation"/>
    <property name="sun.arch.data.model" value="64"/>
    <property name="java.vendor.url" value="http://java.oracle.com/"/>
    <property name="user.timezone" value=""/>
    <property name="java.vm.specification.version" value="1.8"/>
    <property name="os.name" value="Mac OS X"/>
    <property name="user.country" value="CN"/>
    <property name="sun.java.launcher" value="SUN_STANDARD"/>
    <property name="sun.boot.library.path" value="/Library/Java/JavaVirtualMachines/jdk1.8.0_152.jdk/Contents/Home/jre/lib"/>
    <property name="sun.java.command" value="/Users/jiiiiiin/Documents/IdeaProjects/jiiiiiin-security/jiiiiiin-security-core/target/surefire/surefirebooter235201330574506503.jar /Users/jiiiiiin/Documents/IdeaProjects/jiiiiiin-security/jiiiiiin-security-core/target/surefire 2018-08-19T18-27-46_149-jvmRun1 surefire2945028429914863897tmp surefire_08611444145542745742tmp"/>
    <property name="http.nonProxyHosts" value="local|*.local|169.254/16|*.169.254/16"/>
    <property name="surefire.test.class.path" value="/Users/jiiiiiin/Documents/IdeaProjects/jiiiiiin-security/jiiiiiin-security-core/target/test-classes:/Users/jiiiiiin/Documents/IdeaProjects/jiiiiiin-security/jiiiiiin-security-core/target/classes:/Users/jiiiiiin/.m2/repository/junit/junit/4.11/junit-4.11.jar:/Users/jiiiiiin/.m2/repository/org/hamcrest/hamcrest-core/1.3/hamcrest-core-1.3.jar:/Users/jiiiiiin/.m2/repository/org/springframework/cloud/spring-cloud-starter-oauth2/1.2.1.RELEASE/spring-cloud-starter-oauth2-1.2.1.RELEASE.jar:/Users/jiiiiiin/.m2/repository/org/springframework/cloud/spring-cloud-starter-security/1.2.1.RELEASE/spring-cloud-starter-security-1.2.1.RELEASE.jar:/Users/jiiiiiin/.m2/repository/org/springframework/cloud/spring-cloud-starter/1.2.5.RELEASE/spring-cloud-starter-1.2.5.RELEASE.jar:/Users/jiiiiiin/.m2/repository/org/springframework/cloud/spring-cloud-context/1.2.5.RELEASE/spring-cloud-context-1.2.5.RELEASE.jar:/Users/jiiiiiin/.m2/repository/org/springframework/security/spring-security-crypto/4.2.7.RELEASE/spring-security-crypto-4.2.7.RELEASE.jar:/Users/jiiiiiin/.m2/repository/org/springframework/cloud/spring-cloud-commons/1.2.5.RELEASE/spring-cloud-commons-1.2.5.RELEASE.jar:/Users/jiiiiiin/.m2/repository/org/springframework/security/spring-security-rsa/1.0.3.RELEASE/spring-security-rsa-1.0.3.RELEASE.jar:/Users/jiiiiiin/.m2/repository/org/springframework/boot/spring-boot-starter-actuator/1.5.15.RELEASE/spring-boot-starter-actuator-1.5.15.RELEASE.jar:/Users/jiiiiiin/.m2/repository/org/springframework/boot/spring-boot-actuator/1.5.15.RELEASE/spring-boot-actuator-1.5.15.RELEASE.jar:/Users/jiiiiiin/.m2/repository/com/fasterxml/jackson/core/jackson-databind/2.8.11.2/jackson-databind-2.8.11.2.jar:/Users/jiiiiiin/.m2/repository/com/fasterxml/jackson/core/jackson-annotations/2.8.0/jackson-annotations-2.8.0.jar:/Users/jiiiiiin/.m2/repository/com/fasterxml/jackson/core/jackson-core/2.8.11/jackson-core-2.8.11.jar:/Users/jiiiiiin/.m2/repository/org/springframework/cloud/spring-cloud-security/1.2.1.RELEASE/spring-cloud-security-1.2.1.RELEASE.jar:/Users/jiiiiiin/.m2/repository/org/springframework/boot/spring-boot-starter-security/1.5.15.RELEASE/spring-boot-starter-security-1.5.15.RELEASE.jar:/Users/jiiiiiin/.m2/repository/org/springframework/boot/spring-boot-starter-web/1.5.15.RELEASE/spring-boot-starter-web-1.5.15.RELEASE.jar:/Users/jiiiiiin/.m2/repository/org/springframework/boot/spring-boot-starter-tomcat/1.5.15.RELEASE/spring-boot-starter-tomcat-1.5.15.RELEASE.jar:/Users/jiiiiiin/.m2/repository/org/apache/tomcat/embed/tomcat-embed-core/8.5.32/tomcat-embed-core-8.5.32.jar:/Users/jiiiiiin/.m2/repository/org/apache/tomcat/tomcat-annotations-api/8.5.32/tomcat-annotations-api-8.5.32.jar:/Users/jiiiiiin/.m2/repository/org/apache/tomcat/embed/tomcat-embed-el/8.5.32/tomcat-embed-el-8.5.32.jar:/Users/jiiiiiin/.m2/repository/org/apache/tomcat/embed/tomcat-embed-websocket/8.5.32/tomcat-embed-websocket-8.5.32.jar:/Users/jiiiiiin/.m2/repository/org/hibernate/hibernate-validator/5.3.6.Final/hibernate-validator-5.3.6.Final.jar:/Users/jiiiiiin/.m2/repository/javax/validation/validation-api/1.1.0.Final/validation-api-1.1.0.Final.jar:/Users/jiiiiiin/.m2/repository/org/jboss/logging/jboss-logging/3.3.2.Final/jboss-logging-3.3.2.Final.jar:/Users/jiiiiiin/.m2/repository/com/fasterxml/classmate/1.3.4/classmate-1.3.4.jar:/Users/jiiiiiin/.m2/repository/org/springframework/security/oauth/spring-security-oauth2/2.0.15.RELEASE/spring-security-oauth2-2.0.15.RELEASE.jar:/Users/jiiiiiin/.m2/repository/org/springframework/spring-beans/4.3.18.RELEASE/spring-beans-4.3.18.RELEASE.jar:/Users/jiiiiiin/.m2/repository/org/springframework/spring-core/4.3.18.RELEASE/spring-core-4.3.18.RELEASE.jar:/Users/jiiiiiin/.m2/repository/org/springframework/spring-context/4.3.18.RELEASE/spring-context-4.3.18.RELEASE.jar:/Users/jiiiiiin/.m2/repository/org/springframework/security/spring-security-core/4.2.7.RELEASE/spring-security-core-4.2.7.RELEASE.jar:/Users/jiiiiiin/.m2/repository/org/springframework/security/spring-security-config/4.2.7.RELEASE/spring-security-config-4.2.7.RELEASE.jar:/Users/jiiiiiin/.m2/repository/commons-codec/commons-codec/1.10/commons-codec-1.10.jar:/Users/jiiiiiin/.m2/repository/org/codehaus/jackson/jackson-mapper-asl/1.9.13/jackson-mapper-asl-1.9.13.jar:/Users/jiiiiiin/.m2/repository/org/codehaus/jackson/jackson-core-asl/1.9.13/jackson-core-asl-1.9.13.jar:/Users/jiiiiiin/.m2/repository/org/springframework/security/spring-security-jwt/1.0.9.RELEASE/spring-security-jwt-1.0.9.RELEASE.jar:/Users/jiiiiiin/.m2/repository/org/bouncycastle/bcpkix-jdk15on/1.56/bcpkix-jdk15on-1.56.jar:/Users/jiiiiiin/.m2/repository/org/bouncycastle/bcprov-jdk15on/1.56/bcprov-jdk15on-1.56.jar:/Users/jiiiiiin/.m2/repository/org/springframework/boot/spring-boot-starter-data-redis/1.5.15.RELEASE/spring-boot-starter-data-redis-1.5.15.RELEASE.jar:/Users/jiiiiiin/.m2/repository/org/springframework/boot/spring-boot-starter/1.5.15.RELEASE/spring-boot-starter-1.5.15.RELEASE.jar:/Users/jiiiiiin/.m2/repository/org/springframework/boot/spring-boot/1.5.15.RELEASE/spring-boot-1.5.15.RELEASE.jar:/Users/jiiiiiin/.m2/repository/org/springframework/boot/spring-boot-autoconfigure/1.5.15.RELEASE/spring-boot-autoconfigure-1.5.15.RELEASE.jar:/Users/jiiiiiin/.m2/repository/org/springframework/boot/spring-boot-starter-logging/1.5.15.RELEASE/spring-boot-starter-logging-1.5.15.RELEASE.jar:/Users/jiiiiiin/.m2/repository/ch/qos/logback/logback-classic/1.1.11/logback-classic-1.1.11.jar:/Users/jiiiiiin/.m2/repository/ch/qos/logback/logback-core/1.1.11/logback-core-1.1.11.jar:/Users/jiiiiiin/.m2/repository/org/slf4j/jul-to-slf4j/1.7.25/jul-to-slf4j-1.7.25.jar:/Users/jiiiiiin/.m2/repository/org/slf4j/log4j-over-slf4j/1.7.25/log4j-over-slf4j-1.7.25.jar:/Users/jiiiiiin/.m2/repository/org/yaml/snakeyaml/1.17/snakeyaml-1.17.jar:/Users/jiiiiiin/.m2/repository/org/springframework/data/spring-data-redis/1.8.14.RELEASE/spring-data-redis-1.8.14.RELEASE.jar:/Users/jiiiiiin/.m2/repository/org/springframework/data/spring-data-keyvalue/1.2.14.RELEASE/spring-data-keyvalue-1.2.14.RELEASE.jar:/Users/jiiiiiin/.m2/repository/org/springframework/data/spring-data-commons/1.13.14.RELEASE/spring-data-commons-1.13.14.RELEASE.jar:/Users/jiiiiiin/.m2/repository/org/springframework/spring-tx/4.3.18.RELEASE/spring-tx-4.3.18.RELEASE.jar:/Users/jiiiiiin/.m2/repository/org/springframework/spring-oxm/4.3.18.RELEASE/spring-oxm-4.3.18.RELEASE.jar:/Users/jiiiiiin/.m2/repository/org/springframework/spring-aop/4.3.18.RELEASE/spring-aop-4.3.18.RELEASE.jar:/Users/jiiiiiin/.m2/repository/org/springframework/spring-context-support/4.3.18.RELEASE/spring-context-support-4.3.18.RELEASE.jar:/Users/jiiiiiin/.m2/repository/org/slf4j/slf4j-api/1.7.25/slf4j-api-1.7.25.jar:/Users/jiiiiiin/.m2/repository/org/slf4j/jcl-over-slf4j/1.7.25/jcl-over-slf4j-1.7.25.jar:/Users/jiiiiiin/.m2/repository/redis/clients/jedis/2.9.0/jedis-2.9.0.jar:/Users/jiiiiiin/.m2/repository/org/apache/commons/commons-pool2/2.4.3/commons-pool2-2.4.3.jar:/Users/jiiiiiin/.m2/repository/org/springframework/boot/spring-boot-starter-jdbc/1.5.15.RELEASE/spring-boot-starter-jdbc-1.5.15.RELEASE.jar:/Users/jiiiiiin/.m2/repository/org/apache/tomcat/tomcat-jdbc/8.5.32/tomcat-jdbc-8.5.32.jar:/Users/jiiiiiin/.m2/repository/org/apache/tomcat/tomcat-juli/8.5.32/tomcat-juli-8.5.32.jar:/Users/jiiiiiin/.m2/repository/org/springframework/spring-jdbc/4.3.18.RELEASE/spring-jdbc-4.3.18.RELEASE.jar:/Users/jiiiiiin/.m2/repository/mysql/mysql-connector-java/5.1.46/mysql-connector-java-5.1.46.jar:/Users/jiiiiiin/.m2/repository/org/springframework/social/spring-social-core/1.1.6.RELEASE/spring-social-core-1.1.6.RELEASE.jar:/Users/jiiiiiin/.m2/repository/org/springframework/spring-web/4.3.18.RELEASE/spring-web-4.3.18.RELEASE.jar:/Users/jiiiiiin/.m2/repository/org/springframework/social/spring-social-config/1.1.6.RELEASE/spring-social-config-1.1.6.RELEASE.jar:/Users/jiiiiiin/.m2/repository/org/springframework/social/spring-social-security/1.1.6.RELEASE/spring-social-security-1.1.6.RELEASE.jar:/Users/jiiiiiin/.m2/repository/org/springframework/spring-webmvc/4.3.18.RELEASE/spring-webmvc-4.3.18.RELEASE.jar:/Users/jiiiiiin/.m2/repository/org/springframework/spring-expression/4.3.18.RELEASE/spring-expression-4.3.18.RELEASE.jar:/Users/jiiiiiin/.m2/repository/org/springframework/security/spring-security-web/4.2.7.RELEASE/spring-security-web-4.2.7.RELEASE.jar:/Users/jiiiiiin/.m2/repository/aopalliance/aopalliance/1.0/aopalliance-1.0.jar:/Users/jiiiiiin/.m2/repository/org/springframework/social/spring-social-web/1.1.6.RELEASE/spring-social-web-1.1.6.RELEASE.jar:/Users/jiiiiiin/.m2/repository/javax/inject/javax.inject/1/javax.inject-1.jar:/Users/jiiiiiin/.m2/repository/org/apache/commons/commons-lang3/3.5/commons-lang3-3.5.jar:/Users/jiiiiiin/.m2/repository/commons-collections/commons-collections/3.2.2/commons-collections-3.2.2.jar:/Users/jiiiiiin/.m2/repository/commons-beanutils/commons-beanutils/1.9.3/commons-beanutils-1.9.3.jar:"/>
    <property name="sun.cpu.endian" value="little"/>
    <property name="user.home" value="/Users/jiiiiiin"/>
    <property name="user.language" value="zh"/>
    <property name="java.specification.vendor" value="Oracle Corporation"/>
    <property name="java.home" value="/Library/Java/JavaVirtualMachines/jdk1.8.0_152.jdk/Contents/Home/jre"/>
    <property name="basedir" value="/Users/jiiiiiin/Documents/IdeaProjects/jiiiiiin-security/jiiiiiin-security-core"/>
    <property name="https.proxyHost" value="127.0.0.1"/>
    <property name="file.separator" value="/"/>
    <property name="line.separator" value="&#10;"/>
    <property name="java.vm.specification.vendor" value="Oracle Corporation"/>
    <property name="java.specification.name" value="Java Platform API Specification"/>
    <property name="java.awt.graphicsenv" value="sun.awt.CGraphicsEnvironment"/>
    <property name="surefire.real.class.path" value="/Users/jiiiiiin/Documents/IdeaProjects/jiiiiiin-security/jiiiiiin-security-core/target/surefire/surefirebooter235201330574506503.jar"/>
    <property name="sun.boot.class.path" value="/Library/Java/JavaVirtualMachines/jdk1.8.0_152.jdk/Contents/Home/jre/lib/resources.jar:/Library/Java/JavaVirtualMachines/jdk1.8.0_152.jdk/Contents/Home/jre/lib/rt.jar:/Library/Java/JavaVirtualMachines/jdk1.8.0_152.jdk/Contents/Home/jre/lib/sunrsasign.jar:/Library/Java/JavaVirtualMachines/jdk1.8.0_152.jdk/Contents/Home/jre/lib/jsse.jar:/Library/Java/JavaVirtualMachines/jdk1.8.0_152.jdk/Contents/Home/jre/lib/jce.jar:/Library/Java/JavaVirtualMachines/jdk1.8.0_152.jdk/Contents/Home/jre/lib/charsets.jar:/Library/Java/JavaVirtualMachines/jdk1.8.0_152.jdk/Contents/Home/jre/lib/jfr.jar:/Library/Java/JavaVirtualMachines/jdk1.8.0_152.jdk/Contents/Home/jre/classes"/>
    <property name="sun.management.compiler" value="HotSpot 64-Bit Tiered Compilers"/>
    <property name="ftp.nonProxyHosts" value="local|*.local|169.254/16|*.169.254/16"/>
    <property name="java.runtime.version" value="1.8.0_152-b16"/>
    <property name="user.name" value="jiiiiiin"/>
    <property name="path.separator" value=":"/>
    <property name="os.version" value="10.13.6"/>
    <property name="java.endorsed.dirs" value="/Library/Java/JavaVirtualMachines/jdk1.8.0_152.jdk/Contents/Home/jre/lib/endorsed"/>
    <property name="java.runtime.name" value="Java(TM) SE Runtime Environment"/>
    <property name="file.encoding" value="US-ASCII"/>
    <property name="java.vm.name" value="Java HotSpot(TM) 64-Bit Server VM"/>
    <property name="localRepository" value="/Users/jiiiiiin/.m2/repository"/>
    <property name="java.vendor.url.bug" value="http://bugreport.sun.com/bugreport/"/>
    <property name="java.io.tmpdir" value="/var/folders/mb/g8qp5zn56z5cm91vmzfl88280000gn/T/"/>
    <property name="idea.version" value="2018.1.4"/>
    <property name="java.version" value="1.8.0_152"/>
    <property name="user.dir" value="/Users/jiiiiiin/Documents/IdeaProjects/jiiiiiin-security/jiiiiiin-security-core"/>
    <property name="os.arch" value="x86_64"/>
    <property name="java.vm.specification.name" value="Java Virtual Machine Specification"/>
    <property name="java.awt.printerjob" value="sun.lwawt.macosx.CPrinterJob"/>
    <property name="sun.os.patch.level" value="unknown"/>
    <property name="java.library.path" value="/Users/jiiiiiin/Library/Java/Extensions:/Library/Java/Extensions:/Network/Library/Java/Extensions:/System/Library/Java/Extensions:/usr/lib/java:."/>
    <property name="java.vm.info" value="mixed mode"/>
    <property name="java.vendor" value="Oracle Corporation"/>
    <property name="java.vm.version" value="25.152-b16"/>
    <property name="java.ext.dirs" value="/Users/jiiiiiin/Library/Java/Extensions:/Library/Java/JavaVirtualMachines/jdk1.8.0_152.jdk/Contents/Home/jre/lib/ext:/Library/Java/Extensions:/Network/Library/Java/Extensions:/System/Library/Java/Extensions:/usr/lib/java"/>
    <property name="sun.io.unicode.encoding" value="UnicodeBig"/>
    <property name="maven.repo.local" value="/Users/jiiiiiin/.m2/repository"/>
    <property name="java.class.version" value="52.0"/>
    <property name="socksNonProxyHosts" value="local|*.local|169.254/16|*.169.254/16"/>
    <property name="http.proxyPort" value="49518"/>
  </properties>
  <testcase name="shouldAnswerWithTrue" classname="cn.jiiiiiin.security.AppTest" time="0.002"/>
</testsuite>